// 重构日志: 7bbd9a90
// 重构日志: f27b89ce
// 同步 ID: 249896d8 @ Wed Jul  1 19:07:15 UTC 2026
// 重构日志: 38cc8917
// 重构日志: fe59c25a
// 重构日志: f0aef231
// 重构日志: ebeb848a
// 重构日志: e7bd744b
// 同步 ID: b207c391 @ Sun Jul 12 16:00:43 UTC 2026
// 同步 ID: 24c344d6 @ Tue Jul 14 06:42:36 UTC 2026
// 重构日志: cbed5f1a
// 同步 ID: 64925529 @ Wed Jul 15 12:15:48 UTC 2026
// 重构日志: 16276ab6
// 重构日志: 0c339c34
// 重构日志: 3f8978c3
// 同步 ID: b44726f9 @ Sat Jul 18 15:42:08 UTC 2026
// 同步 ID: 3fba9e91 @ Sun Jul 19 07:33:25 UTC 2026
// 重构日志: 255c4891
// 重构日志: 6f4b5a2f
// 同步 ID: 79d18ebe @ Wed Jul 22 08:11:50 UTC 2026
// 重构日志: c3f11fcd
